{"C:\\pessoal\\challenge\\lumi\\server\\src\\index.ts": {"path":"C:\\pessoal\\challenge\\lumi\\server\\src\\index.ts","statementMap":{"0":{"start":{"line":1,"column":0},"end":{"line":1,"column":37}},"1":{"start":{"line":2,"column":0},"end":{"line":2,"column":38}},"2":{"start":{"line":3,"column":0},"end":{"line":3,"column":24}},"3":{"start":{"line":4,"column":0},"end":{"line":4,"column":28}},"4":{"start":{"line":5,"column":0},"end":{"line":5,"column":67}},"5":{"start":{"line":6,"column":0},"end":{"line":6,"column":31}},"6":{"start":{"line":8,"column":0},"end":{"line":8,"column":16}},"7":{"start":{"line":9,"column":13},"end":{"line":9,"column":29}},"8":{"start":{"line":10,"column":12},"end":{"line":10,"column":21}},"9":{"start":{"line":11,"column":0},"end":{"line":11,"column":16}},"10":{"start":{"line":12,"column":0},"end":{"line":12,"column":24}},"11":{"start":{"line":13,"column":0},"end":{"line":13,"column":24}},"12":{"start":{"line":14,"column":0},"end":{"line":14,"column":66}},"13":{"start":{"line":15,"column":0},"end":{"line":19,"column":2}},"14":{"start":{"line":20,"column":0},"end":{"line":20,"column":16}},"15":{"start":{"line":21,"column":0},"end":{"line":29,"column":2}},"16":{"start":{"line":23,"column":25},"end":{"line":26,"column":6}},"17":{"start":{"line":27,"column":4},"end":{"line":27,"column":39}},"18":{"start":{"line":30,"column":0},"end":{"line":34,"column":3}},"19":{"start":{"line":31,"column":2},"end":{"line":33,"column":5}},"20":{"start":{"line":37,"column":2},"end":{"line":37,"column":28}},"21":{"start":{"line":37,"column":21},"end":{"line":37,"column":28}},"22":{"start":{"line":40,"column":13},"end":{"line":43,"column":2}}},"fnMap":{"0":{"name":"(anonymous_1)","decl":{"start":{"line":22,"column":2},"end":{"line":22,"column":3}},"loc":{"start":{"line":22,"column":73},"end":{"line":28,"column":3}}},"1":{"name":"(anonymous_2)","decl":{"start":{"line":30,"column":13},"end":{"line":30,"column":14}},"loc":{"start":{"line":30,"column":34},"end":{"line":34,"column":1}}},"2":{"name":"haltOnTimedOut","decl":{"start":{"line":36,"column":9},"end":{"line":36,"column":23}},"loc":{"start":{"line":36,"column":71},"end":{"line":38,"column":1}}}},"branchMap":{"0":{"loc":{"start":{"line":37,"column":2},"end":{"line":37,"column":28}},"type":"if","locations":[{"start":{"line":37,"column":2},"end":{"line":37,"column":28}}]}},"s":{"0":1,"1":1,"2":1,"3":1,"4":1,"5":1,"6":1,"7":1,"8":1,"9":1,"10":1,"11":1,"12":1,"13":1,"14":1,"15":1,"16":0,"17":0,"18":1,"19":1,"20":1,"21":1,"22":1},"f":{"0":0,"1":1,"2":1},"b":{"0":[1]}}
,"C:\\pessoal\\challenge\\lumi\\server\\src\\helpers\\util.ts": {"path":"C:\\pessoal\\challenge\\lumi\\server\\src\\helpers\\util.ts","statementMap":{"0":{"start":{"line":5,"column":21},"end":{"line":5,"column":23}},"1":{"start":{"line":6,"column":2},"end":{"line":16,"column":null}},"2":{"start":{"line":7,"column":4},"end":{"line":12,"column":null}},"3":{"start":{"line":7,"column":17},"end":{"line":7,"column":18}},"4":{"start":{"line":8,"column":6},"end":{"line":8,"column":51}},"5":{"start":{"line":8,"column":42},"end":{"line":8,"column":51}},"6":{"start":{"line":9,"column":6},"end":{"line":11,"column":null}},"7":{"start":{"line":9,"column":37},"end":{"line":9,"column":69}},"8":{"start":{"line":10,"column":8},"end":{"line":10,"column":30}},"9":{"start":{"line":13,"column":4},"end":{"line":13,"column":19}},"10":{"start":{"line":15,"column":4},"end":{"line":15,"column":16}},"11":{"start":{"line":1,"column":0},"end":{"line":1,"column":16}}},"fnMap":{"0":{"name":"getAllUniqueByField","decl":{"start":{"line":1,"column":16},"end":{"line":1,"column":35}},"loc":{"start":{"line":3,"column":32},"end":{"line":17,"column":1}}},"1":{"name":"(anonymous_1)","decl":{"start":{"line":9,"column":24},"end":{"line":9,"column":25}},"loc":{"start":{"line":9,"column":37},"end":{"line":9,"column":69}}}},"branchMap":{"0":{"loc":{"start":{"line":6,"column":2},"end":{"line":16,"column":null}},"type":"if","locations":[{"start":{"line":6,"column":2},"end":{"line":16,"column":null}},{"start":{"line":14,"column":9},"end":{"line":16,"column":null}}]},"1":{"loc":{"start":{"line":8,"column":6},"end":{"line":8,"column":51}},"type":"if","locations":[{"start":{"line":8,"column":6},"end":{"line":8,"column":51}}]},"2":{"loc":{"start":{"line":9,"column":6},"end":{"line":11,"column":null}},"type":"if","locations":[{"start":{"line":9,"column":6},"end":{"line":11,"column":null}}]}},"s":{"0":4,"1":4,"2":3,"3":3,"4":10,"5":2,"6":8,"7":9,"8":6,"9":3,"10":1,"11":2},"f":{"0":4,"1":9},"b":{"0":[3,1],"1":[2],"2":[6]}}
,"C:\\pessoal\\challenge\\lumi\\server\\src\\http\\controllers\\bill\\index.ts": {"path":"C:\\pessoal\\challenge\\lumi\\server\\src\\http\\controllers\\bill\\index.ts","statementMap":{"0":{"start":{"line":2,"column":0},"end":{"line":2,"column":24}},"1":{"start":{"line":3,"column":0},"end":{"line":3,"column":53}},"2":{"start":{"line":7,"column":2},"end":{"line":18,"column":null}},"3":{"start":{"line":8,"column":41},"end":{"line":8,"column":49}},"4":{"start":{"line":9,"column":4},"end":{"line":9,"column":42}},"5":{"start":{"line":11,"column":4},"end":{"line":13,"column":7}},"6":{"start":{"line":15,"column":4},"end":{"line":17,"column":7}},"7":{"start":{"line":21,"column":13},"end":{"line":23,"column":2}}},"fnMap":{"0":{"name":"create","decl":{"start":{"line":6,"column":15},"end":{"line":6,"column":21}},"loc":{"start":{"line":6,"column":49},"end":{"line":19,"column":1}}}},"branchMap":{"0":{"loc":{"start":{"line":16,"column":15},"end":{"line":16,"column":73}},"type":"cond-expr","locations":[{"start":{"line":16,"column":45},"end":{"line":16,"column":57}},{"start":{"line":16,"column":60},"end":{"line":16,"column":73}}]}},"s":{"0":1,"1":1,"2":0,"3":0,"4":0,"5":0,"6":0,"7":1},"f":{"0":0},"b":{"0":[0,0]}}
,"C:\\pessoal\\challenge\\lumi\\server\\src\\http\\controllers\\client\\index.ts": {"path":"C:\\pessoal\\challenge\\lumi\\server\\src\\http\\controllers\\client\\index.ts","statementMap":{"0":{"start":{"line":2,"column":0},"end":{"line":2,"column":24}},"1":{"start":{"line":3,"column":0},"end":{"line":3,"column":57}},"2":{"start":{"line":4,"column":0},"end":{"line":4,"column":60}},"3":{"start":{"line":7,"column":2},"end":{"line":18,"column":null}},"4":{"start":{"line":8,"column":36},"end":{"line":8,"column":44}},"5":{"start":{"line":9,"column":4},"end":{"line":9,"column":40}},"6":{"start":{"line":10,"column":4},"end":{"line":10,"column":44}},"7":{"start":{"line":11,"column":4},"end":{"line":13,"column":7}},"8":{"start":{"line":15,"column":4},"end":{"line":17,"column":7}},"9":{"start":{"line":21,"column":13},"end":{"line":23,"column":2}}},"fnMap":{"0":{"name":"createClient","decl":{"start":{"line":6,"column":15},"end":{"line":6,"column":27}},"loc":{"start":{"line":6,"column":55},"end":{"line":19,"column":1}}}},"branchMap":{"0":{"loc":{"start":{"line":16,"column":15},"end":{"line":16,"column":73}},"type":"cond-expr","locations":[{"start":{"line":16,"column":45},"end":{"line":16,"column":57}},{"start":{"line":16,"column":60},"end":{"line":16,"column":73}}]}},"s":{"0":1,"1":1,"2":1,"3":0,"4":0,"5":0,"6":0,"7":0,"8":0,"9":1},"f":{"0":0},"b":{"0":[0,0]}}
,"C:\\pessoal\\challenge\\lumi\\server\\src\\http\\controllers\\client\\validation\\index.ts": {"path":"C:\\pessoal\\challenge\\lumi\\server\\src\\http\\controllers\\client\\validation\\index.ts","statementMap":{"0":{"start":{"line":1,"column":0},"end":{"line":1,"column":24}},"1":{"start":{"line":3,"column":13},"end":{"line":19,"column":3}}},"fnMap":{},"branchMap":{},"s":{"0":2,"1":2},"f":{},"b":{}}
,"C:\\pessoal\\challenge\\lumi\\server\\src\\repositories\\client\\index.ts": {"path":"C:\\pessoal\\challenge\\lumi\\server\\src\\repositories\\client\\index.ts","statementMap":{"0":{"start":{"line":8,"column":30},"end":{"line":8,"column":32}},"1":{"start":{"line":10,"column":2},"end":{"line":14,"column":null}},"2":{"start":{"line":10,"column":15},"end":{"line":10,"column":16}},"3":{"start":{"line":11,"column":4},"end":{"line":13,"column":null}},"4":{"start":{"line":12,"column":6},"end":{"line":12,"column":20}},"5":{"start":{"line":15,"column":2},"end":{"line":15,"column":14}},"6":{"start":{"line":19,"column":2},"end":{"line":19,"column":68}},"7":{"start":{"line":22,"column":2},"end":{"line":22,"column":30}},"8":{"start":{"line":23,"column":2},"end":{"line":23,"column":26}},"9":{"start":{"line":26,"column":13},"end":{"line":29,"column":2}}},"fnMap":{"0":{"name":"findObjectInArray","decl":{"start":{"line":9,"column":9},"end":{"line":9,"column":26}},"loc":{"start":{"line":9,"column":74},"end":{"line":16,"column":1}}},"1":{"name":"find","decl":{"start":{"line":18,"column":15},"end":{"line":18,"column":19}},"loc":{"start":{"line":18,"column":36},"end":{"line":20,"column":1}}},"2":{"name":"create","decl":{"start":{"line":21,"column":15},"end":{"line":21,"column":21}},"loc":{"start":{"line":21,"column":41},"end":{"line":24,"column":1}}}},"branchMap":{"0":{"loc":{"start":{"line":11,"column":4},"end":{"line":13,"column":null}},"type":"if","locations":[{"start":{"line":11,"column":4},"end":{"line":13,"column":null}}]}},"s":{"0":2,"1":0,"2":0,"3":0,"4":0,"5":0,"6":0,"7":0,"8":0,"9":2},"f":{"0":0,"1":0,"2":0},"b":{"0":[0]}}
,"C:\\pessoal\\challenge\\lumi\\server\\src\\routers\\index.ts": {"path":"C:\\pessoal\\challenge\\lumi\\server\\src\\routers\\index.ts","statementMap":{"0":{"start":{"line":1,"column":0},"end":{"line":1,"column":44}},"1":{"start":{"line":2,"column":0},"end":{"line":2,"column":58}},"2":{"start":{"line":3,"column":0},"end":{"line":3,"column":62}},"3":{"start":{"line":4,"column":15},"end":{"line":4,"column":24}},"4":{"start":{"line":5,"column":0},"end":{"line":9,"column":3}},"5":{"start":{"line":6,"column":2},"end":{"line":8,"column":5}},"6":{"start":{"line":10,"column":0},"end":{"line":10,"column":58}},"7":{"start":{"line":12,"column":0},"end":{"line":12,"column":48}},"8":{"start":{"line":14,"column":0},"end":{"line":14,"column":null}}},"fnMap":{"0":{"name":"(anonymous_1)","decl":{"start":{"line":5,"column":16},"end":{"line":5,"column":17}},"loc":{"start":{"line":5,"column":37},"end":{"line":9,"column":1}}}},"branchMap":{},"s":{"0":1,"1":1,"2":1,"3":1,"4":1,"5":0,"6":1,"7":1,"8":1},"f":{"0":0},"b":{}}
,"C:\\pessoal\\challenge\\lumi\\server\\src\\services\\bill\\index.ts": {"path":"C:\\pessoal\\challenge\\lumi\\server\\src\\services\\bill\\index.ts","statementMap":{"0":{"start":{"line":1,"column":0},"end":{"line":1,"column":57}},"1":{"start":{"line":5,"column":2},"end":{"line":10,"column":null}},"2":{"start":{"line":7,"column":29},"end":{"line":7,"column":75}},"3":{"start":{"line":11,"column":2},"end":{"line":11,"column":9}},"4":{"start":{"line":14,"column":13},"end":{"line":16,"column":2}}},"fnMap":{"0":{"name":"create","decl":{"start":{"line":4,"column":15},"end":{"line":4,"column":21}},"loc":{"start":{"line":4,"column":47},"end":{"line":12,"column":1}}}},"branchMap":{"0":{"loc":{"start":{"line":5,"column":2},"end":{"line":10,"column":null}},"type":"if","locations":[{"start":{"line":5,"column":2},"end":{"line":10,"column":null}},{"start":{"line":8,"column":9},"end":{"line":10,"column":null}}]}},"s":{"0":1,"1":0,"2":0,"3":0,"4":1},"f":{"0":0},"b":{"0":[0,0]}}
,"C:\\pessoal\\challenge\\lumi\\server\\src\\services\\client\\index.ts": {"path":"C:\\pessoal\\challenge\\lumi\\server\\src\\services\\client\\index.ts","statementMap":{"0":{"start":{"line":1,"column":0},"end":{"line":1,"column":null}},"1":{"start":{"line":5,"column":0},"end":{"line":5,"column":61}},"2":{"start":{"line":9,"column":2},"end":{"line":9,"column":23}},"3":{"start":{"line":13,"column":2},"end":{"line":13,"column":37}},"4":{"start":{"line":14,"column":33},"end":{"line":18,"column":4}},"5":{"start":{"line":19,"column":2},"end":{"line":19,"column":47}},"6":{"start":{"line":20,"column":2},"end":{"line":20,"column":9}},"7":{"start":{"line":23,"column":13},"end":{"line":26,"column":2}}},"fnMap":{"0":{"name":"findByNumber","decl":{"start":{"line":8,"column":15},"end":{"line":8,"column":27}},"loc":{"start":{"line":8,"column":48},"end":{"line":10,"column":1}}},"1":{"name":"create","decl":{"start":{"line":12,"column":15},"end":{"line":12,"column":21}},"loc":{"start":{"line":12,"column":44},"end":{"line":21,"column":1}}}},"branchMap":{},"s":{"0":2,"1":2,"2":0,"3":1,"4":1,"5":1,"6":1,"7":2},"f":{"0":0,"1":1},"b":{}}
}
