TN:
SF:src\index.ts
FN:22,(anonymous_1)
FN:30,(anonymous_2)
FN:36,haltOnTimedOut
FNF:3
FNH:2
FNDA:0,(anonymous_1)
FNDA:1,(anonymous_2)
FNDA:1,haltOnTimedOut
DA:1,1
DA:2,1
DA:3,1
DA:4,1
DA:5,1
DA:6,1
DA:8,1
DA:9,1
DA:10,1
DA:11,1
DA:12,1
DA:13,1
DA:14,1
DA:15,1
DA:20,1
DA:21,1
DA:23,0
DA:27,0
DA:30,1
DA:31,1
DA:37,1
DA:40,1
LF:22
LH:20
BRDA:37,0,0,1
BRF:1
BRH:1
end_of_record
TN:
SF:src\http\controllers\client\index.ts
FN:6,createClient
FNF:1
FNH:0
FNDA:0,createClient
DA:2,1
DA:3,1
DA:4,1
DA:7,0
DA:8,0
DA:9,0
DA:10,0
DA:11,0
DA:15,0
DA:21,1
LF:10
LH:4
BRDA:16,0,0,0
BRDA:16,0,1,0
BRF:2
BRH:0
end_of_record
TN:
SF:src\http\controllers\client\validation\index.ts
FNF:0
FNH:0
DA:1,2
DA:3,2
LF:2
LH:2
BRF:0
BRH:0
end_of_record
TN:
SF:src\repositories\client\index.ts
FN:9,findObjectInArray
FN:18,find
FN:21,create
FNF:3
FNH:0
FNDA:0,findObjectInArray
FNDA:0,find
FNDA:0,create
DA:8,2
DA:10,0
DA:11,0
DA:12,0
DA:15,0
DA:19,0
DA:22,0
DA:23,0
DA:26,2
LF:9
LH:2
BRDA:11,0,0,0
BRF:1
BRH:0
end_of_record
TN:
SF:src\routers\index.ts
FN:4,(anonymous_1)
FNF:1
FNH:0
FNDA:0,(anonymous_1)
DA:1,1
DA:2,1
DA:3,1
DA:4,1
DA:5,0
DA:9,1
DA:11,1
LF:7
LH:6
BRF:0
BRH:0
end_of_record
TN:
SF:src\services\client\index.ts
FN:8,findByNumber
FN:12,create
FNF:2
FNH:1
FNDA:0,findByNumber
FNDA:1,create
DA:1,2
DA:5,2
DA:9,0
DA:13,1
DA:14,1
DA:19,1
DA:20,1
DA:23,2
LF:8
LH:7
BRF:0
BRH:0
end_of_record
